[debug] > Exec(early(addDefaultCommands), None, None)
[debug] > Exec(addDefaultCommands, None, None)
[debug] > Exec(early(initialize), None, None)
[debug] > Exec(initialize, None, None)
[debug] > Exec(early(addPluginSbtFile="""C:\Users\Kirat\AppData\Local\Temp\idea.sbt"""), None, None)
[debug] > Exec(addPluginSbtFile="""C:\Users\Kirat\AppData\Local\Temp\idea.sbt""", None, None)
[debug] > Exec(boot, None, None)
[debug] > Exec(writeSbtVersion, None, None)
[debug] > Exec(reload, None, None)
[debug] > Exec(sbtStashOnFailure, None, None)
[debug] > Exec(onFailure loadFailed, None, None)
[debug] > Exec(loadp, None, None)
[info] welcome to sbt 1.6.2 (Temurin Java 1.8.0_302)
[debug]       Load.loadUnit: plugins took 63.3741ms
[debug]       Load.loadUnit: defsScala took 0.2138ms
[debug] [Loading] Scanning directory C:\Users\Kirat\.sbt\1.0\plugins
[debug] [Loading] Found non-root projects 
[debug] [Loading] Done in C:\Users\Kirat\.sbt\1.0\plugins, returning: ()
[debug] deducing auto plugins based on known facts Set(Atom(sbt.plugins.CorePlugin)) and clauses Clauses(Clause(Atom(sbt.plugins.JvmPlugin),Set(Atom(sbt.plugins.IvyPlugin)))
[debug] Clause(Atom(sbt.ScriptedPlugin),Set(Atom(sbt.plugins.JvmPlugin)))
[debug] Clause(Atom(sbt.plugins.SbtPlugin),Set(Atom(sbt.ScriptedPlugin)))
[debug] Clause(Atom(sbt.plugins.SemanticdbPlugin),Set(Atom(sbt.plugins.JvmPlugin)))
[debug] Clause(Atom(sbt.plugins.JUnitXmlReportPlugin),Set(Atom(sbt.plugins.JvmPlugin)))
[debug] Clause(Atom(sbt.plugins.MiniDependencyTreePlugin),Set(Atom(sbt.plugins.JvmPlugin)))
[debug] Clause(Atom(sbt.plugins.CorePlugin),Set(Atom(sbt.plugins.IvyPlugin)))
[debug] Clause(Atom(sbt.plugins.IvyPlugin),Set(Atom(sbt.plugins.JvmPlugin)))
[debug] Clause(Atom(sbt.plugins.JvmPlugin),Set(Atom(sbt.plugins.SemanticdbPlugin)))
[debug] Clause(Atom(sbt.plugins.JvmPlugin),Set(Atom(sbt.plugins.JUnitXmlReportPlugin)))
[debug] Clause(Atom(sbt.plugins.CorePlugin),Set(Atom(sbt.plugins.Giter8TemplatePlugin)))
[debug] Clause(Atom(sbt.plugins.JvmPlugin),Set(Atom(sbt.plugins.MiniDependencyTreePlugin))))
[debug]   :: deduced result: Matched(sbt.plugins.CorePlugin,sbt.plugins.Giter8TemplatePlugin,sbt.plugins.IvyPlugin,sbt.plugins.JvmPlugin,sbt.plugins.MiniDependencyTreePlugin,sbt.plugins.JUnitXmlReportPlugin,sbt.plugins.SemanticdbPlugin)
[debug] Plugins.deducer#function took 10.5216 ms
[debug]           Load.resolveProject(global-plugins) took 31.0592ms
[debug]         Load.loadTransitive: finalizeProject(Project(id global-plugins, base: C:\Users\Kirat\.sbt\1.0\plugins, plugins: List(<none>))) took 58.8179ms
[debug] [Loading] Done in C:\Users\Kirat\.sbt\1.0\plugins, returning: (global-plugins)
[debug]       Load.loadUnit: loadedProjectsRaw took 72.6888ms
[debug]       Load.loadUnit: cleanEvalClasses took 0.1725ms
[debug]     Load.loadUnit(file:/C:/Users/Kirat/.sbt/1.0/plugins/, ...) took 141.3773ms
[debug]   Load.apply: load took 251.5933ms
[debug]   Load.apply: resolveProjects took 4.8944ms
[debug]   Load.apply: finalTransforms took 35.7145ms
[debug]   Load.apply: config.delegates took 4.9359ms
[debug]   Load.apply: Def.make(settings)... took 206.033ms
[debug]   Load.apply: structureIndex took 54.8029ms
[debug]   Load.apply: mkStreams took 1.2563ms
[info] loading global plugins from C:\Users\Kirat\.sbt\1.0\plugins
[debug] Running task... Cancel: Signal, check cycles: false, forcegc: true
[debug] Load.defaultLoad until apply took 1452.9091ms
[debug]           Load.loadUnit: plugins took 25.1064ms
[debug]           Load.loadUnit: defsScala took 0.0024ms
[debug] [Loading] Scanning directory C:\Users\Kirat\IdeaProjects\ErgoScript-Developers-Course\project
[debug]             Load.loadUnit: mkEval took 5.1759ms
